SET
SET
psql:/home/runner/workspace/spikes/phase-2-batch-0a-postgis-knn/sql/20_strategy_a_composite.sql:21: NOTICE:  index "places_geom_only" does not exist, skipping
DROP INDEX
psql:/home/runner/workspace/spikes/phase-2-batch-0a-postgis-knn/sql/20_strategy_a_composite.sql:22: NOTICE:  index "places_geom_boat_ramp" does not exist, skipping
DROP INDEX
psql:/home/runner/workspace/spikes/phase-2-batch-0a-postgis-knn/sql/20_strategy_a_composite.sql:23: NOTICE:  index "places_geom_airport" does not exist, skipping
DROP INDEX
psql:/home/runner/workspace/spikes/phase-2-batch-0a-postgis-knn/sql/20_strategy_a_composite.sql:24: NOTICE:  index "places_geom_marina" does not exist, skipping
DROP INDEX
psql:/home/runner/workspace/spikes/phase-2-batch-0a-postgis-knn/sql/20_strategy_a_composite.sql:25: NOTICE:  index "places_geom_urgent_care" does not exist, skipping
DROP INDEX
psql:/home/runner/workspace/spikes/phase-2-batch-0a-postgis-knn/sql/20_strategy_a_composite.sql:26: NOTICE:  index "places_cat_geom" does not exist, skipping
DROP INDEX
psql:/home/runner/workspace/spikes/phase-2-batch-0a-postgis-knn/sql/20_strategy_a_composite.sql:27: NOTICE:  index "places_part_cat_geom" does not exist, skipping
DROP INDEX
CREATE INDEX
CREATE INDEX
ANALYZE
ANALYZE
ANALYZE
ANALYZE
=== STRATEGY A / composite gist (category_key, geom) — UNPARTITIONED ===
--- A: boat_ramp ---
                                                                                               QUERY PLAN                                                                                               
--------------------------------------------------------------------------------------------------------------------------------------------------------------------------------------------------------
 Limit  (cost=0.28..138.70 rows=10 width=34) (actual time=18.723..18.768 rows=10 loops=1)
   Output: id, category_key, (st_distance(geom, '0101000020E61000005C8FC2F5280C54C0C3F5285C8FC23940'::geography, true)), ((geom <-> '0101000020E61000005C8FC2F5280C54C0C3F5285C8FC23940'::geography))
   Buffers: shared hit=173
   ->  Index Scan using places_cat_geom on public.places_spike  (cost=0.28..2713.30 rows=196 width=34) (actual time=18.699..18.742 rows=10 loops=1)
         Output: id, category_key, st_distance(geom, '0101000020E61000005C8FC2F5280C54C0C3F5285C8FC23940'::geography, true), (geom <-> '0101000020E61000005C8FC2F5280C54C0C3F5285C8FC23940'::geography)
         Index Cond: (places_spike.category_key = 'boat_ramp'::text)
         Order By: (places_spike.geom <-> '0101000020E61000005C8FC2F5280C54C0C3F5285C8FC23940'::geography)
         Buffers: shared hit=173
 Planning:
   Buffers: shared hit=52
 Planning Time: 0.501 ms
 Execution Time: 18.866 ms
(12 rows)

--- A: airport ---
                                                                                               QUERY PLAN                                                                                               
--------------------------------------------------------------------------------------------------------------------------------------------------------------------------------------------------------
 Limit  (cost=0.28..138.70 rows=10 width=34) (actual time=0.046..0.067 rows=10 loops=1)
   Output: id, category_key, (st_distance(geom, '0101000020E61000005C8FC2F5280C54C0C3F5285C8FC23940'::geography, true)), ((geom <-> '0101000020E61000005C8FC2F5280C54C0C3F5285C8FC23940'::geography))
   Buffers: shared hit=8
   ->  Index Scan using places_cat_geom on public.places_spike  (cost=0.28..2713.30 rows=196 width=34) (actual time=0.045..0.065 rows=10 loops=1)
         Output: id, category_key, st_distance(geom, '0101000020E61000005C8FC2F5280C54C0C3F5285C8FC23940'::geography, true), (geom <-> '0101000020E61000005C8FC2F5280C54C0C3F5285C8FC23940'::geography)
         Index Cond: (places_spike.category_key = 'airport'::text)
         Order By: (places_spike.geom <-> '0101000020E61000005C8FC2F5280C54C0C3F5285C8FC23940'::geography)
         Buffers: shared hit=8
 Planning Time: 0.067 ms
 Execution Time: 0.078 ms
(10 rows)

--- A: marina ---
                                                                                               QUERY PLAN                                                                                               
--------------------------------------------------------------------------------------------------------------------------------------------------------------------------------------------------------
 Limit  (cost=0.28..138.70 rows=10 width=34) (actual time=0.049..0.089 rows=10 loops=1)
   Output: id, category_key, (st_distance(geom, '0101000020E61000005C8FC2F5280C54C0C3F5285C8FC23940'::geography, true)), ((geom <-> '0101000020E61000005C8FC2F5280C54C0C3F5285C8FC23940'::geography))
   Buffers: shared hit=13
   ->  Index Scan using places_cat_geom on public.places_spike  (cost=0.28..2713.30 rows=196 width=34) (actual time=0.048..0.087 rows=10 loops=1)
         Output: id, category_key, st_distance(geom, '0101000020E61000005C8FC2F5280C54C0C3F5285C8FC23940'::geography, true), (geom <-> '0101000020E61000005C8FC2F5280C54C0C3F5285C8FC23940'::geography)
         Index Cond: (places_spike.category_key = 'marina'::text)
         Order By: (places_spike.geom <-> '0101000020E61000005C8FC2F5280C54C0C3F5285C8FC23940'::geography)
         Buffers: shared hit=13
 Planning Time: 0.069 ms
 Execution Time: 0.102 ms
(10 rows)

--- A: urgent_care ---
                                                                                               QUERY PLAN                                                                                               
--------------------------------------------------------------------------------------------------------------------------------------------------------------------------------------------------------
 Limit  (cost=0.28..137.25 rows=10 width=34) (actual time=0.057..0.091 rows=10 loops=1)
   Output: id, category_key, (st_distance(geom, '0101000020E61000005C8FC2F5280C54C0C3F5285C8FC23940'::geography, true)), ((geom <-> '0101000020E61000005C8FC2F5280C54C0C3F5285C8FC23940'::geography))
   Buffers: shared hit=17
   ->  Index Scan using places_cat_geom on public.places_spike  (cost=0.28..12094.59 rows=883 width=34) (actual time=0.057..0.089 rows=10 loops=1)
         Output: id, category_key, st_distance(geom, '0101000020E61000005C8FC2F5280C54C0C3F5285C8FC23940'::geography, true), (geom <-> '0101000020E61000005C8FC2F5280C54C0C3F5285C8FC23940'::geography)
         Index Cond: (places_spike.category_key = 'urgent_care'::text)
         Order By: (places_spike.geom <-> '0101000020E61000005C8FC2F5280C54C0C3F5285C8FC23940'::geography)
         Buffers: shared hit=17
 Planning Time: 0.049 ms
 Execution Time: 0.101 ms
(10 rows)

=== STRATEGY A / composite gist — PARTITIONED (corpus_version = v2) ===
--- A(part): boat_ramp @ v2 ---
                                                                                                                                    QUERY PLAN                                                                                                                                    
----------------------------------------------------------------------------------------------------------------------------------------------------------------------------------------------------------------------------------------------------------------------------------
 Limit  (cost=0.28..141.27 rows=10 width=34) (actual time=0.059..0.081 rows=10 loops=1)
   Output: places_spike_part.id, places_spike_part.category_key, (st_distance(places_spike_part.geom, '0101000020E61000005C8FC2F5280C54C0C3F5285C8FC23940'::geography, true)), ((places_spike_part.geom <-> '0101000020E61000005C8FC2F5280C54C0C3F5285C8FC23940'::geography))
   Buffers: shared hit=9
   ->  Result  (cost=0.28..1833.11 rows=130 width=34) (actual time=0.058..0.079 rows=10 loops=1)
         Output: places_spike_part.id, places_spike_part.category_key, st_distance(places_spike_part.geom, '0101000020E61000005C8FC2F5280C54C0C3F5285C8FC23940'::geography, true), ((places_spike_part.geom <-> '0101000020E61000005C8FC2F5280C54C0C3F5285C8FC23940'::geography))
         Buffers: shared hit=9
         ->  Index Scan using places_spike_part_v2_category_key_geom_idx on public.places_spike_part_v2 places_spike_part  (cost=0.28..174.31 rows=130 width=58) (actual time=0.052..0.063 rows=10 loops=1)
               Output: places_spike_part.id, places_spike_part.category_key, (places_spike_part.geom <-> '0101000020E61000005C8FC2F5280C54C0C3F5285C8FC23940'::geography), places_spike_part.geom
               Index Cond: (places_spike_part.category_key = 'boat_ramp'::text)
               Order By: (places_spike_part.geom <-> '0101000020E61000005C8FC2F5280C54C0C3F5285C8FC23940'::geography)
               Filter: (places_spike_part.corpus_version = 'v2'::text)
               Buffers: shared hit=9
 Planning:
   Buffers: shared hit=54
 Planning Time: 0.313 ms
 Execution Time: 0.098 ms
(16 rows)

--- A(part): urgent_care @ v2 ---
                                                                                                                                    QUERY PLAN                                                                                                                                    
----------------------------------------------------------------------------------------------------------------------------------------------------------------------------------------------------------------------------------------------------------------------------------
 Limit  (cost=0.28..138.84 rows=10 width=34) (actual time=0.054..0.078 rows=10 loops=1)
   Output: places_spike_part.id, places_spike_part.category_key, (st_distance(places_spike_part.geom, '0101000020E61000005C8FC2F5280C54C0C3F5285C8FC23940'::geography, true)), ((places_spike_part.geom <-> '0101000020E61000005C8FC2F5280C54C0C3F5285C8FC23940'::geography))
   Buffers: shared hit=13
   ->  Result  (cost=0.28..12748.08 rows=920 width=34) (actual time=0.054..0.077 rows=10 loops=1)
         Output: places_spike_part.id, places_spike_part.category_key, st_distance(places_spike_part.geom, '0101000020E61000005C8FC2F5280C54C0C3F5285C8FC23940'::geography, true), ((places_spike_part.geom <-> '0101000020E61000005C8FC2F5280C54C0C3F5285C8FC23940'::geography))
         Buffers: shared hit=13
         ->  Index Scan using places_spike_part_v2_category_key_geom_idx on public.places_spike_part_v2 places_spike_part  (cost=0.28..1008.88 rows=920 width=58) (actual time=0.048..0.062 rows=10 loops=1)
               Output: places_spike_part.id, places_spike_part.category_key, (places_spike_part.geom <-> '0101000020E61000005C8FC2F5280C54C0C3F5285C8FC23940'::geography), places_spike_part.geom
               Index Cond: (places_spike_part.category_key = 'urgent_care'::text)
               Order By: (places_spike_part.geom <-> '0101000020E61000005C8FC2F5280C54C0C3F5285C8FC23940'::geography)
               Filter: (places_spike_part.corpus_version = 'v2'::text)
               Buffers: shared hit=13
 Planning Time: 0.086 ms
 Execution Time: 0.117 ms
(14 rows)

--- index inventory after strategy A ---
                 indexname                  |                                                        indexdef                                                        
--------------------------------------------+------------------------------------------------------------------------------------------------------------------------
 places_cat_geom                            | CREATE INDEX places_cat_geom ON public.places_spike USING gist (category_key, geom)
 places_part_cat_geom                       | CREATE INDEX places_part_cat_geom ON ONLY public.places_spike_part USING gist (category_key, geom)
 places_spike_part_pkey                     | CREATE UNIQUE INDEX places_spike_part_pkey ON ONLY public.places_spike_part USING btree (id, corpus_version)
 places_spike_part_v1_category_key_geom_idx | CREATE INDEX places_spike_part_v1_category_key_geom_idx ON public.places_spike_part_v1 USING gist (category_key, geom)
 places_spike_part_v1_pkey                  | CREATE UNIQUE INDEX places_spike_part_v1_pkey ON public.places_spike_part_v1 USING btree (id, corpus_version)
 places_spike_part_v2_category_key_geom_idx | CREATE INDEX places_spike_part_v2_category_key_geom_idx ON public.places_spike_part_v2 USING gist (category_key, geom)
 places_spike_part_v2_pkey                  | CREATE UNIQUE INDEX places_spike_part_v2_pkey ON public.places_spike_part_v2 USING btree (id, corpus_version)
 places_spike_pkey                          | CREATE UNIQUE INDEX places_spike_pkey ON public.places_spike USING btree (id)
(8 rows)

