SET
SET
DROP INDEX
DROP INDEX
psql:/home/runner/workspace/spikes/phase-2-batch-0a-postgis-knn/sql/30_strategy_b_geography_only.sql:22: NOTICE:  index "places_geom_boat_ramp" does not exist, skipping
DROP INDEX
psql:/home/runner/workspace/spikes/phase-2-batch-0a-postgis-knn/sql/30_strategy_b_geography_only.sql:23: NOTICE:  index "places_geom_airport" does not exist, skipping
DROP INDEX
psql:/home/runner/workspace/spikes/phase-2-batch-0a-postgis-knn/sql/30_strategy_b_geography_only.sql:24: NOTICE:  index "places_geom_marina" does not exist, skipping
DROP INDEX
psql:/home/runner/workspace/spikes/phase-2-batch-0a-postgis-knn/sql/30_strategy_b_geography_only.sql:25: NOTICE:  index "places_geom_urgent_care" does not exist, skipping
DROP INDEX
psql:/home/runner/workspace/spikes/phase-2-batch-0a-postgis-knn/sql/30_strategy_b_geography_only.sql:26: NOTICE:  index "places_geom_only" does not exist, skipping
DROP INDEX
CREATE INDEX
ANALYZE
=== STRATEGY B / geography-only gist(geom), category as post-filter ===
--- B: boat_ramp ---
                                                                                               QUERY PLAN                                                                                               
--------------------------------------------------------------------------------------------------------------------------------------------------------------------------------------------------------
 Limit  (cost=0.28..611.59 rows=10 width=34) (actual time=15.370..28.334 rows=10 loops=1)
   Output: id, category_key, (st_distance(geom, '0101000020E61000005C8FC2F5280C54C0C3F5285C8FC23940'::geography, true)), ((geom <-> '0101000020E61000005C8FC2F5280C54C0C3F5285C8FC23940'::geography))
   Buffers: shared hit=9147
   ->  Index Scan using places_geom_only on public.places_spike  (cost=0.28..9597.73 rows=157 width=34) (actual time=15.365..28.325 rows=10 loops=1)
         Output: id, category_key, st_distance(geom, '0101000020E61000005C8FC2F5280C54C0C3F5285C8FC23940'::geography, true), (geom <-> '0101000020E61000005C8FC2F5280C54C0C3F5285C8FC23940'::geography)
         Order By: (places_spike.geom <-> '0101000020E61000005C8FC2F5280C54C0C3F5285C8FC23940'::geography)
         Filter: (places_spike.category_key = 'boat_ramp'::text)
         Rows Removed by Filter: 8826
         Buffers: shared hit=9147
 Planning:
   Buffers: shared hit=48
 Planning Time: 0.468 ms
 Execution Time: 28.484 ms
(13 rows)

--- B: airport ---
                                                                                               QUERY PLAN                                                                                               
--------------------------------------------------------------------------------------------------------------------------------------------------------------------------------------------------------
 Limit  (cost=0.28..611.59 rows=10 width=34) (actual time=3.327..18.148 rows=10 loops=1)
   Output: id, category_key, (st_distance(geom, '0101000020E61000005C8FC2F5280C54C0C3F5285C8FC23940'::geography, true)), ((geom <-> '0101000020E61000005C8FC2F5280C54C0C3F5285C8FC23940'::geography))
   Buffers: shared hit=14582
   ->  Index Scan using places_geom_only on public.places_spike  (cost=0.28..9597.73 rows=157 width=34) (actual time=3.326..18.142 rows=10 loops=1)
         Output: id, category_key, st_distance(geom, '0101000020E61000005C8FC2F5280C54C0C3F5285C8FC23940'::geography, true), (geom <-> '0101000020E61000005C8FC2F5280C54C0C3F5285C8FC23940'::geography)
         Order By: (places_spike.geom <-> '0101000020E61000005C8FC2F5280C54C0C3F5285C8FC23940'::geography)
         Filter: (places_spike.category_key = 'airport'::text)
         Rows Removed by Filter: 14347
         Buffers: shared hit=14582
 Planning Time: 0.098 ms
 Execution Time: 18.167 ms
(11 rows)

--- B: marina ---
                                                                                               QUERY PLAN                                                                                               
--------------------------------------------------------------------------------------------------------------------------------------------------------------------------------------------------------
 Limit  (cost=0.28..611.59 rows=10 width=34) (actual time=4.291..10.384 rows=10 loops=1)
   Output: id, category_key, (st_distance(geom, '0101000020E61000005C8FC2F5280C54C0C3F5285C8FC23940'::geography, true)), ((geom <-> '0101000020E61000005C8FC2F5280C54C0C3F5285C8FC23940'::geography))
   Buffers: shared hit=9418
   ->  Index Scan using places_geom_only on public.places_spike  (cost=0.28..9597.73 rows=157 width=34) (actual time=4.290..10.380 rows=10 loops=1)
         Output: id, category_key, st_distance(geom, '0101000020E61000005C8FC2F5280C54C0C3F5285C8FC23940'::geography, true), (geom <-> '0101000020E61000005C8FC2F5280C54C0C3F5285C8FC23940'::geography)
         Order By: (places_spike.geom <-> '0101000020E61000005C8FC2F5280C54C0C3F5285C8FC23940'::geography)
         Filter: (places_spike.category_key = 'marina'::text)
         Rows Removed by Filter: 9243
         Buffers: shared hit=9418
 Planning Time: 0.065 ms
 Execution Time: 10.400 ms
(11 rows)

--- B: urgent_care ---
                                                                                               QUERY PLAN                                                                                               
--------------------------------------------------------------------------------------------------------------------------------------------------------------------------------------------------------
 Limit  (cost=0.28..183.88 rows=10 width=34) (actual time=0.302..1.910 rows=10 loops=1)
   Output: id, category_key, (st_distance(geom, '0101000020E61000005C8FC2F5280C54C0C3F5285C8FC23940'::geography, true)), ((geom <-> '0101000020E61000005C8FC2F5280C54C0C3F5285C8FC23940'::geography))
   Buffers: shared hit=1352
   ->  Index Scan using places_geom_only on public.places_spike  (cost=0.28..24859.48 rows=1354 width=34) (actual time=0.302..1.908 rows=10 loops=1)
         Output: id, category_key, st_distance(geom, '0101000020E61000005C8FC2F5280C54C0C3F5285C8FC23940'::geography, true), (geom <-> '0101000020E61000005C8FC2F5280C54C0C3F5285C8FC23940'::geography)
         Order By: (places_spike.geom <-> '0101000020E61000005C8FC2F5280C54C0C3F5285C8FC23940'::geography)
         Filter: (places_spike.category_key = 'urgent_care'::text)
         Rows Removed by Filter: 1280
         Buffers: shared hit=1352
 Planning Time: 0.056 ms
 Execution Time: 1.923 ms
(11 rows)

