SET
SET
psql:/home/runner/workspace/spikes/phase-2-batch-0a-postgis-knn/sql/40_strategy_c_partial.sql:21: NOTICE:  index "places_cat_geom" does not exist, skipping
DROP INDEX
psql:/home/runner/workspace/spikes/phase-2-batch-0a-postgis-knn/sql/40_strategy_c_partial.sql:22: NOTICE:  index "places_part_cat_geom" does not exist, skipping
DROP INDEX
DROP INDEX
psql:/home/runner/workspace/spikes/phase-2-batch-0a-postgis-knn/sql/40_strategy_c_partial.sql:24: NOTICE:  index "places_geom_boat_ramp" does not exist, skipping
DROP INDEX
psql:/home/runner/workspace/spikes/phase-2-batch-0a-postgis-knn/sql/40_strategy_c_partial.sql:25: NOTICE:  index "places_geom_airport" does not exist, skipping
DROP INDEX
psql:/home/runner/workspace/spikes/phase-2-batch-0a-postgis-knn/sql/40_strategy_c_partial.sql:26: NOTICE:  index "places_geom_marina" does not exist, skipping
DROP INDEX
psql:/home/runner/workspace/spikes/phase-2-batch-0a-postgis-knn/sql/40_strategy_c_partial.sql:27: NOTICE:  index "places_geom_urgent_care" does not exist, skipping
DROP INDEX
CREATE INDEX
CREATE INDEX
CREATE INDEX
CREATE INDEX
ANALYZE
=== STRATEGY C / partial gist(geom) per sparse category ===
--- C: boat_ramp ---
                                                                                               QUERY PLAN                                                                                               
--------------------------------------------------------------------------------------------------------------------------------------------------------------------------------------------------------
 Limit  (cost=0.14..138.57 rows=10 width=34) (actual time=7.662..7.683 rows=10 loops=1)
   Output: id, category_key, (st_distance(geom, '0101000020E61000005C8FC2F5280C54C0C3F5285C8FC23940'::geography, true)), ((geom <-> '0101000020E61000005C8FC2F5280C54C0C3F5285C8FC23940'::geography))
   Buffers: shared hit=165
   ->  Index Scan using places_geom_boat_ramp on public.places_spike  (cost=0.14..2450.29 rows=177 width=34) (actual time=7.659..7.679 rows=10 loops=1)
         Output: id, category_key, st_distance(geom, '0101000020E61000005C8FC2F5280C54C0C3F5285C8FC23940'::geography, true), (geom <-> '0101000020E61000005C8FC2F5280C54C0C3F5285C8FC23940'::geography)
         Order By: (places_spike.geom <-> '0101000020E61000005C8FC2F5280C54C0C3F5285C8FC23940'::geography)
         Buffers: shared hit=165
 Planning:
   Buffers: shared hit=72
 Planning Time: 0.370 ms
 Execution Time: 7.732 ms
(11 rows)

--- C: airport ---
                                                                                               QUERY PLAN                                                                                               
--------------------------------------------------------------------------------------------------------------------------------------------------------------------------------------------------------
 Limit  (cost=0.12..138.54 rows=10 width=34) (actual time=0.040..0.060 rows=10 loops=1)
   Output: id, category_key, (st_distance(geom, '0101000020E61000005C8FC2F5280C54C0C3F5285C8FC23940'::geography, true)), ((geom <-> '0101000020E61000005C8FC2F5280C54C0C3F5285C8FC23940'::geography))
   Buffers: shared hit=6
   ->  Index Scan using places_geom_airport on public.places_spike  (cost=0.12..1633.41 rows=118 width=34) (actual time=0.039..0.059 rows=10 loops=1)
         Output: id, category_key, st_distance(geom, '0101000020E61000005C8FC2F5280C54C0C3F5285C8FC23940'::geography, true), (geom <-> '0101000020E61000005C8FC2F5280C54C0C3F5285C8FC23940'::geography)
         Order By: (places_spike.geom <-> '0101000020E61000005C8FC2F5280C54C0C3F5285C8FC23940'::geography)
         Buffers: shared hit=6
 Planning Time: 0.065 ms
 Execution Time: 0.070 ms
(9 rows)

--- C: marina ---
                                                                                               QUERY PLAN                                                                                               
--------------------------------------------------------------------------------------------------------------------------------------------------------------------------------------------------------
 Limit  (cost=0.14..138.57 rows=10 width=34) (actual time=0.036..0.056 rows=10 loops=1)
   Output: id, category_key, (st_distance(geom, '0101000020E61000005C8FC2F5280C54C0C3F5285C8FC23940'::geography, true)), ((geom <-> '0101000020E61000005C8FC2F5280C54C0C3F5285C8FC23940'::geography))
   Buffers: shared hit=11
   ->  Index Scan using places_geom_marina on public.places_spike  (cost=0.14..2450.29 rows=177 width=34) (actual time=0.035..0.054 rows=10 loops=1)
         Output: id, category_key, st_distance(geom, '0101000020E61000005C8FC2F5280C54C0C3F5285C8FC23940'::geography, true), (geom <-> '0101000020E61000005C8FC2F5280C54C0C3F5285C8FC23940'::geography)
         Order By: (places_spike.geom <-> '0101000020E61000005C8FC2F5280C54C0C3F5285C8FC23940'::geography)
         Buffers: shared hit=11
 Planning Time: 0.055 ms
 Execution Time: 0.065 ms
(9 rows)

--- C: urgent_care ---
                                                                                               QUERY PLAN                                                                                               
--------------------------------------------------------------------------------------------------------------------------------------------------------------------------------------------------------
 Limit  (cost=0.14..137.05 rows=10 width=34) (actual time=0.038..0.096 rows=10 loops=1)
   Output: id, category_key, (st_distance(geom, '0101000020E61000005C8FC2F5280C54C0C3F5285C8FC23940'::geography, true)), ((geom <-> '0101000020E61000005C8FC2F5280C54C0C3F5285C8FC23940'::geography))
   Buffers: shared hit=14
   ->  Index Scan using places_geom_urgent_care on public.places_spike  (cost=0.14..12088.94 rows=883 width=34) (actual time=0.038..0.094 rows=10 loops=1)
         Output: id, category_key, st_distance(geom, '0101000020E61000005C8FC2F5280C54C0C3F5285C8FC23940'::geography, true), (geom <-> '0101000020E61000005C8FC2F5280C54C0C3F5285C8FC23940'::geography)
         Order By: (places_spike.geom <-> '0101000020E61000005C8FC2F5280C54C0C3F5285C8FC23940'::geography)
         Buffers: shared hit=14
 Planning Time: 0.054 ms
 Execution Time: 0.105 ms
(9 rows)

--- index inventory after strategy C ---
        indexname        |                                                         indexdef                                                         
-------------------------+--------------------------------------------------------------------------------------------------------------------------
 places_geom_airport     | CREATE INDEX places_geom_airport ON public.places_spike USING gist (geom) WHERE (category_key = 'airport'::text)
 places_geom_boat_ramp   | CREATE INDEX places_geom_boat_ramp ON public.places_spike USING gist (geom) WHERE (category_key = 'boat_ramp'::text)
 places_geom_marina      | CREATE INDEX places_geom_marina ON public.places_spike USING gist (geom) WHERE (category_key = 'marina'::text)
 places_geom_urgent_care | CREATE INDEX places_geom_urgent_care ON public.places_spike USING gist (geom) WHERE (category_key = 'urgent_care'::text)
 places_spike_pkey       | CREATE UNIQUE INDEX places_spike_pkey ON public.places_spike USING btree (id)
(5 rows)

